<?xml version="1.0" encoding="UTF-8"?>
<testng-results ignored="0" total="2" passed="2" failed="0" skipped="0">
  <reporter-output>
  </reporter-output>
  <suite started-at="2023-06-08T14:03:42 IST" name="Default suite" finished-at="2023-06-08T14:05:52 IST" duration-ms="130308">
    <groups>
      <group name="cucumber">
        <method signature="AbstractTestNGCucumberTests.runScenario(io.cucumber.testng.PickleWrapper,io.cucumber.testng.FeatureWrapper)[pri:0, instance:testrunner.Ex03_Excel@48bb62]" name="runScenario" class="io.cucumber.testng.AbstractTestNGCucumberTests"/>
      </group> <!-- cucumber -->
    </groups>
    <test started-at="2023-06-08T14:03:42 IST" name="Default test" finished-at="2023-06-08T14:05:52 IST" duration-ms="130308">
      <class name="testrunner.Ex03_Excel">
        <test-method is-config="true" signature="setUpClass(org.testng.ITestContext)[pri:0, instance:testrunner.Ex03_Excel@48bb62]" started-at="2023-06-08T14:03:42 IST" name="setUpClass" finished-at="2023-06-08T14:03:42 IST" duration-ms="648" status="PASS">
          <params>
            <param index="0">
              <value>
                <![CDATA[org.testng.TestRunner@520a95ff]]>
              </value>
            </param>
          </params>
          <reporter-output>
          </reporter-output>
        </test-method> <!-- setUpClass -->
        <test-method signature="runScenario(io.cucumber.testng.PickleWrapper,io.cucumber.testng.FeatureWrapper)[pri:0, instance:testrunner.Ex03_Excel@48bb62]" started-at="2023-06-08T14:03:42 IST" name="runScenario" description="Runs Cucumber Scenarios" data-provider="scenarios" finished-at="2023-06-08T14:04:49 IST" duration-ms="66503" status="PASS">
          <params>
            <param index="0">
              <value>
                <![CDATA["Validate user is able to Add to Cart using valid data"]]>
              </value>
            </param>
            <param index="1">
              <value>
                <![CDATA["Add to Cart"]]>
              </value>
            </param>
          </params>
          <reporter-output>
          </reporter-output>
        </test-method> <!-- runScenario -->
        <test-method signature="runScenario(io.cucumber.testng.PickleWrapper,io.cucumber.testng.FeatureWrapper)[pri:0, instance:testrunner.Ex03_Excel@48bb62]" started-at="2023-06-08T14:04:49 IST" name="runScenario" description="Runs Cucumber Scenarios" data-provider="scenarios" finished-at="2023-06-08T14:05:52 IST" duration-ms="63022" status="PASS">
          <params>
            <param index="0">
              <value>
                <![CDATA["Validate user is able to Add to Cart using invalid data"]]>
              </value>
            </param>
            <param index="1">
              <value>
                <![CDATA["Add to Cart"]]>
              </value>
            </param>
          </params>
          <reporter-output>
          </reporter-output>
        </test-method> <!-- runScenario -->
        <test-method is-config="true" signature="tearDownClass()[pri:0, instance:testrunner.Ex03_Excel@48bb62]" started-at="2023-06-08T14:05:52 IST" name="tearDownClass" finished-at="2023-06-08T14:05:52 IST" duration-ms="84" status="PASS">
          <reporter-output>
          </reporter-output>
        </test-method> <!-- tearDownClass -->
      </class> <!-- testrunner.Ex03_Excel -->
    </test> <!-- Default test -->
  </suite> <!-- Default suite -->
</testng-results>
